------ Evaluating raw pixel accuracy ------ 

Raw pixel accuracy: 100.00%

[[78  0  0  0  0  0]
 [ 0 27  0  0  0  0]
 [ 0  0 61  0  0  0]
 [ 0  0  0 33  0  0]
 [ 0  0  0  0 30  0]
 [ 0  0  0  0  0 24]]

              precision    recall  f1-score   support

        bart       1.00      1.00      1.00        78
      family       1.00      1.00      1.00        27
       homer       1.00      1.00      1.00        61
        lisa       1.00      1.00      1.00        33
      maggie       1.00      1.00      1.00        30
       marge       1.00      1.00      1.00        24

    accuracy                           1.00       253
   macro avg       1.00      1.00      1.00       253
weighted avg       1.00      1.00      1.00       253


------ Evaluating histogram accuracy ------

Histogram accuracy: 100.00%

[[78  0  0  0  0  0]
 [ 0 27  0  0  0  0]
 [ 0  0 61  0  0  0]
 [ 0  0  0 33  0  0]
 [ 0  0  0  0 30  0]
 [ 0  0  0  0  0 24]]

              precision    recall  f1-score   support

        bart       1.00      1.00      1.00        78
      family       1.00      1.00      1.00        27
       homer       1.00      1.00      1.00        61
        lisa       1.00      1.00      1.00        33
      maggie       1.00      1.00      1.00        30
       marge       1.00      1.00      1.00        24

    accuracy                           1.00       253
   macro avg       1.00      1.00      1.00       253
weighted avg       1.00      1.00      1.00       253



------ Evaluating Raw Pixel accuracy WITH GRIDSEARCH------

Traceback (most recent call last):
  File "test_grid.py", line 149, in <module>
    grid = GridSearchCV(knn_2, hyperparameters, cv=10, scoring='accuracy',
NameError: name 'GridSearchCV' is not defined
------ Evaluating raw pixel accuracy ------ 

Raw pixel accuracy: 47.17%

[[10  0 13  6  6  0]
 [ 2  1  4  2  1  1]
 [ 2  1 18  1  2  1]
 [ 4  1  3  5  0  0]
 [ 0  0  1  1 10  0]
 [ 1  3  0  0  0  6]]

              precision    recall  f1-score   support

        bart       0.53      0.29      0.37        35
      family       0.17      0.09      0.12        11
       homer       0.46      0.72      0.56        25
        lisa       0.33      0.38      0.36        13
      maggie       0.53      0.83      0.65        12
       marge       0.75      0.60      0.67        10

    accuracy                           0.47       106
   macro avg       0.46      0.49      0.45       106
weighted avg       0.47      0.47      0.45       106


------ Evaluating histogram accuracy ------

Histogram accuracy: 41.51%

[[15 11  2  5  0  2]
 [ 2  6  2  0  1  0]
 [ 7  1 14  1  1  1]
 [ 6  1  2  3  1  0]
 [ 3  0  4  1  4  0]
 [ 2  3  1  0  2  2]]

              precision    recall  f1-score   support

        bart       0.43      0.43      0.43        35
      family       0.27      0.55      0.36        11
       homer       0.56      0.56      0.56        25
        lisa       0.30      0.23      0.26        13
      maggie       0.44      0.33      0.38        12
       marge       0.40      0.20      0.27        10

    accuracy                           0.42       106
   macro avg       0.40      0.38      0.38       106
weighted avg       0.43      0.42      0.41       106



------ Evaluating Raw Pixel accuracy WITH GRIDSEARCH------

Traceback (most recent call last):
  File "test_grid.py", line 149, in <module>
    grid = GridSearchCV(knn_2, hyperparameters, cv=10, scoring='accuracy',
NameError: name 'GridSearchCV' is not defined
